2026-03-02 15:03:57,829 - INFO - Loading dataset...
2026-03-02 15:03:57,842 - INFO - Splitting features and target...
2026-03-02 15:03:57,855 - INFO - Performing train-test split...
2026-03-02 15:03:57,859 - INFO - Training model...
2026-03-02 15:03:57,883 - INFO - Saving model...
2026-03-02 15:03:57,889 - INFO - Model training completed successfully!
2026-03-02 15:05:09,418 - INFO - Loading trained model...
2026-03-02 15:05:13,440 - INFO - Preparing input data...
2026-03-02 15:05:13,445 - INFO - Prediction successful!
2026-03-02 15:24:14,066 - INFO - Loading dataset...
2026-03-02 15:24:14,096 - INFO - Splitting data...
2026-03-02 15:24:14,106 - INFO - Training model...
2026-03-02 15:24:14,129 - INFO - Making predictions...
2026-03-02 15:24:14,139 - INFO - MSE: 957609963.0387466
2026-03-02 15:24:14,139 - INFO - R2 Score: 0.9700522278259086
2026-03-02 15:24:14,139 - INFO - Saving model...
2026-03-02 15:24:14,148 - INFO - Training completed successfully!
2026-03-02 15:24:25,345 - INFO - Loading trained model...
2026-03-02 15:24:30,401 - INFO - Preparing input data...
2026-03-02 15:24:30,409 - INFO - Prediction successful!
